Using pre-set license
Built from '2020.3/staging' branch; Version is '2020.3.4f1 (0abb6314276a) revision 703331'; Using compiler version '192528614'; Build Type 'Release'
OS: 'Windows 10 Pro; OS build 22000.376; Version 2009; 64bit' Language: 'es' Physical Memory: 16201 MB
BatchMode: 1, IsHumanControllingUs: 0, StartBugReporterOnCrash: 0, Is64bit: 1, IsPro: 0

 COMMAND LINE ARGUMENTS:
C:\Program Files\Unity\Hub\Editor\2020.3.4f1\Editor\Unity.exe
-adb2
-batchMode
-noUpm
-name
AssetImportWorker0
-projectPath
C:/Carpetas personales/Estudio Autodidacta/Ejercicios/Procedural Terrain Exercice
-logFile
Logs/AssetImportWorker0.log
-srvPort
54005
Successfully changed project path to: C:/Carpetas personales/Estudio Autodidacta/Ejercicios/Procedural Terrain Exercice
C:/Carpetas personales/Estudio Autodidacta/Ejercicios/Procedural Terrain Exercice
Using Asset Import Pipeline V2.
Refreshing native plugins compatible for Editor in 18.73 ms, found 0 plugins.
Preloading 0 native plugins for Editor in 0.00 ms.
Initialize engine version: 2020.3.4f1 (0abb6314276a)
[Subsystems] Discovering subsystems at path C:/Program Files/Unity/Hub/Editor/2020.3.4f1/Editor/Data/Resources/UnitySubsystems
[Subsystems] Discovering subsystems at path C:/Carpetas personales/Estudio Autodidacta/Ejercicios/Procedural Terrain Exercice/Assets
GfxDevice: creating device client; threaded=0
Direct3D:
    Version:  Direct3D 11.0 [level 11.1]
    Renderer: NVIDIA GeForce RTX 2060 (ID=0x1f15)
    Vendor:   
    VRAM:     5980 MB
    Driver:   26.21.14.4223
Initialize mono
Mono path[0] = 'C:/Program Files/Unity/Hub/Editor/2020.3.4f1/Editor/Data/Managed'
Mono path[1] = 'C:/Program Files/Unity/Hub/Editor/2020.3.4f1/Editor/Data/MonoBleedingEdge/lib/mono/unityjit'
Mono config path = 'C:/Program Files/Unity/Hub/Editor/2020.3.4f1/Editor/Data/MonoBleedingEdge/etc'
Using monoOptions --debugger-agent=transport=dt_socket,embedding=1,server=y,suspend=n,address=127.0.0.1:56936
Begin MonoManager ReloadAssembly
Registering precompiled unity dll's ...
Register platform support module: C:/Program Files/Unity/Hub/Editor/2020.3.4f1/Editor/Data/PlaybackEngines/WebGLSupport/UnityEditor.WebGL.Extensions.dll
Register platform support module: C:/Program Files/Unity/Hub/Editor/2020.3.4f1/Editor/Data/PlaybackEngines/WindowsStandaloneSupport/UnityEditor.WindowsStandalone.Extensions.dll
Registered in 0.194608 seconds.
Native extension for WindowsStandalone target not found
Native extension for WebGL target not found
Refreshing native plugins compatible for Editor in 20.59 ms, found 0 plugins.
Preloading 0 native plugins for Editor in 0.00 ms.
Mono: successfully reloaded assembly
- Completed reload, in  4.710 seconds
Platform modules already initialized, skipping
Registering precompiled user dll's ...
Registered in 0.037789 seconds.
Begin MonoManager ReloadAssembly
Native extension for WindowsStandalone target not found
Native extension for WebGL target not found
Refreshing native plugins compatible for Editor in 0.18 ms, found 0 plugins.
Preloading 0 native plugins for Editor in 0.00 ms.
Mono: successfully reloaded assembly
- Completed reload, in  1.635 seconds
Platform modules already initialized, skipping
========================================================================
Worker process is ready to serve import requests
Launched and connected shader compiler UnityShaderCompiler.exe after 0.05 seconds
Refreshing native plugins compatible for Editor in 0.18 ms, found 0 plugins.
Preloading 0 native plugins for Editor in 0.00 ms.
Unloading 1119 Unused Serialized files (Serialized files now loaded: 0)
System memory in use before: 57.5 MB.
System memory in use after: 57.5 MB.

Unloading 9 unused Assets to reduce memory usage. Loaded Objects now: 1562.
Total: 1.445900 ms (FindLiveObjects: 0.143300 ms CreateObjectMapping: 0.038200 ms MarkObjects: 1.220600 ms  DeleteObjects: 0.042500 ms)

========================================================================
Received Import Request.
  path: Assets/New Folder
  artifactKey: Guid(7ff458ac1c3752941a66518fe380d0b3) Importer(815301076,1909f56bfc062723c751e8b465ee728b)
Start importing Assets/New Folder using Guid(7ff458ac1c3752941a66518fe380d0b3) Importer(815301076,1909f56bfc062723c751e8b465ee728b)  -> (artifact id: '303aa8dec53586550dcae978b06e6834') in 0.009470 seconds
  Import took 0.011171 seconds .

========================================================================
Received Import Request.
  Time since last request: 2.727261 seconds.
  path: Assets/UI
  artifactKey: Guid(7ff458ac1c3752941a66518fe380d0b3) Importer(815301076,1909f56bfc062723c751e8b465ee728b)
Start importing Assets/UI using Guid(7ff458ac1c3752941a66518fe380d0b3) Importer(815301076,1909f56bfc062723c751e8b465ee728b)  -> (artifact id: '0ee761555840ebb577c2b38a1de394b3') in 0.008387 seconds
  Import took 0.010158 seconds .

========================================================================
Received Import Request.
  Time since last request: 19.154687 seconds.
  path: Assets/Scripts/BlockInfo.cs
  artifactKey: Guid(21360fd1f131c77438076949a392183a) Importer(815301076,1909f56bfc062723c751e8b465ee728b)
Start importing Assets/Scripts/BlockInfo.cs using Guid(21360fd1f131c77438076949a392183a) Importer(815301076,1909f56bfc062723c751e8b465ee728b)  -> (artifact id: 'af659360c29cb8bae76df8a1329c6d4a') in 0.019924 seconds
  Import took 0.021448 seconds .

========================================================================
Received Import Request.
  Time since last request: 0.011110 seconds.
  path: Assets/Scripts/BlockInfo.cs
  artifactKey: Guid(21360fd1f131c77438076949a392183a) Importer(815301076,1909f56bfc062723c751e8b465ee728b)
Start importing Assets/Scripts/BlockInfo.cs using Guid(21360fd1f131c77438076949a392183a) Importer(815301076,1909f56bfc062723c751e8b465ee728b)  -> (artifact id: 'af659360c29cb8bae76df8a1329c6d4a') in 0.003985 seconds
  Import took 0.005665 seconds .

========================================================================
Received Import Request.
  Time since last request: 0.810231 seconds.
  path: Assets/Scripts/BlockType.cs
  artifactKey: Guid(84a5336853b3a5940ac3d1c427e4e68e) Importer(815301076,1909f56bfc062723c751e8b465ee728b)
Start importing Assets/Scripts/BlockType.cs using Guid(84a5336853b3a5940ac3d1c427e4e68e) Importer(815301076,1909f56bfc062723c751e8b465ee728b)  -> (artifact id: '7dce6d3989393cc2a7a742f2abc4b959') in 0.006541 seconds
  Import took 0.008183 seconds .

========================================================================
Received Import Request.
  Time since last request: 0.789632 seconds.
  path: Assets/Scripts/PerlinTexturesGenerator.cs
  artifactKey: Guid(3c844c1efbc64e1478186046a1e31353) Importer(815301076,1909f56bfc062723c751e8b465ee728b)
Start importing Assets/Scripts/PerlinTexturesGenerator.cs using Guid(3c844c1efbc64e1478186046a1e31353) Importer(815301076,1909f56bfc062723c751e8b465ee728b)  -> (artifact id: '995353c5a65ed80764d4b23d921e4421') in 0.006606 seconds
  Import took 0.008115 seconds .

========================================================================
Received Prepare
Registering precompiled user dll's ...
Registered in 0.000366 seconds.
Begin MonoManager ReloadAssembly
Native extension for WindowsStandalone target not found
Native extension for WebGL target not found
Refreshing native plugins compatible for Editor in 0.18 ms, found 0 plugins.
Preloading 0 native plugins for Editor in 0.00 ms.
Mono: successfully reloaded assembly
- Completed reload, in  0.668 seconds
Platform modules already initialized, skipping
Refreshing native plugins compatible for Editor in 0.20 ms, found 0 plugins.
Preloading 0 native plugins for Editor in 0.00 ms.
Unloading 1113 Unused Serialized files (Serialized files now loaded: 0)
System memory in use before: 57.4 MB.
System memory in use after: 57.5 MB.

Unloading 4 unused Assets to reduce memory usage. Loaded Objects now: 1565.
Total: 1.392100 ms (FindLiveObjects: 0.132800 ms CreateObjectMapping: 0.034500 ms MarkObjects: 1.212500 ms  DeleteObjects: 0.011400 ms)

========================================================================
Received Prepare
Registering precompiled user dll's ...
Registered in 0.001038 seconds.
Begin MonoManager ReloadAssembly
Native extension for WindowsStandalone target not found
Native extension for WebGL target not found
Refreshing native plugins compatible for Editor in 0.18 ms, found 0 plugins.
Preloading 0 native plugins for Editor in 0.00 ms.
Mono: successfully reloaded assembly
- Completed reload, in  0.648 seconds
Platform modules already initialized, skipping
Refreshing native plugins compatible for Editor in 0.18 ms, found 0 plugins.
Preloading 0 native plugins for Editor in 0.00 ms.
Unloading 1113 Unused Serialized files (Serialized files now loaded: 0)
System memory in use before: 57.4 MB.
System memory in use after: 57.5 MB.

Unloading 4 unused Assets to reduce memory usage. Loaded Objects now: 1568.
Total: 1.222800 ms (FindLiveObjects: 0.166600 ms CreateObjectMapping: 0.030700 ms MarkObjects: 1.015400 ms  DeleteObjects: 0.009200 ms)

========================================================================
Received Import Request.
  Time since last request: 62.189049 seconds.
  path: Assets/UI/Animations
  artifactKey: Guid(57bb5d0dfb3a8e843bee1e063a99acfd) Importer(815301076,1909f56bfc062723c751e8b465ee728b)
Start importing Assets/UI/Animations using Guid(57bb5d0dfb3a8e843bee1e063a99acfd) Importer(815301076,1909f56bfc062723c751e8b465ee728b)  -> (artifact id: '9e962b902f25e03d2ee7463862cc38cf') in 0.007627 seconds
  Import took 0.009088 seconds .

========================================================================
Received Prepare
Registering precompiled user dll's ...
Registered in 0.000623 seconds.
Begin MonoManager ReloadAssembly
Native extension for WindowsStandalone target not found
Native extension for WebGL target not found
Refreshing native plugins compatible for Editor in 0.31 ms, found 0 plugins.
Preloading 0 native plugins for Editor in 0.00 ms.
Mono: successfully reloaded assembly
- Completed reload, in  0.774 seconds
Platform modules already initialized, skipping
Refreshing native plugins compatible for Editor in 0.21 ms, found 0 plugins.
Preloading 0 native plugins for Editor in 0.00 ms.
Unloading 1113 Unused Serialized files (Serialized files now loaded: 0)
System memory in use before: 57.4 MB.
System memory in use after: 57.5 MB.

Unloading 4 unused Assets to reduce memory usage. Loaded Objects now: 1571.
Total: 1.258100 ms (FindLiveObjects: 0.137400 ms CreateObjectMapping: 0.036300 ms MarkObjects: 1.072000 ms  DeleteObjects: 0.011200 ms)

========================================================================
Received Import Request.
  Time since last request: 1018.310105 seconds.
  path: Assets/Scripts/BlockInfo.cs
  artifactKey: Guid(21360fd1f131c77438076949a392183a) Importer(815301076,1909f56bfc062723c751e8b465ee728b)
Start importing Assets/Scripts/BlockInfo.cs using Guid(21360fd1f131c77438076949a392183a) Importer(815301076,1909f56bfc062723c751e8b465ee728b)  -> (artifact id: 'e5d1f5fd5c4a5bb3f848f3002d52d0fa') in 0.004988 seconds
  Import took 0.006797 seconds .

========================================================================
Received Prepare
Registering precompiled user dll's ...
Registered in 0.000508 seconds.
Begin MonoManager ReloadAssembly
Native extension for WindowsStandalone target not found
Native extension for WebGL target not found
Refreshing native plugins compatible for Editor in 0.43 ms, found 0 plugins.
Preloading 0 native plugins for Editor in 0.00 ms.
Mono: successfully reloaded assembly
- Completed reload, in  0.714 seconds
Platform modules already initialized, skipping
Refreshing native plugins compatible for Editor in 0.21 ms, found 0 plugins.
Preloading 0 native plugins for Editor in 0.00 ms.
Unloading 1113 Unused Serialized files (Serialized files now loaded: 0)
System memory in use before: 57.4 MB.
System memory in use after: 57.5 MB.

Unloading 4 unused Assets to reduce memory usage. Loaded Objects now: 1574.
Total: 1.804200 ms (FindLiveObjects: 0.239000 ms CreateObjectMapping: 0.100800 ms MarkObjects: 1.449500 ms  DeleteObjects: 0.013700 ms)

========================================================================
Received Prepare
Registering precompiled user dll's ...
Registered in 0.000488 seconds.
Begin MonoManager ReloadAssembly
Native extension for WindowsStandalone target not found
Native extension for WebGL target not found
Refreshing native plugins compatible for Editor in 0.18 ms, found 0 plugins.
Preloading 0 native plugins for Editor in 0.00 ms.
Mono: successfully reloaded assembly
- Completed reload, in  0.690 seconds
Platform modules already initialized, skipping
Refreshing native plugins compatible for Editor in 0.20 ms, found 0 plugins.
Preloading 0 native plugins for Editor in 0.00 ms.
Unloading 1113 Unused Serialized files (Serialized files now loaded: 0)
System memory in use before: 57.4 MB.
System memory in use after: 57.5 MB.

Unloading 4 unused Assets to reduce memory usage. Loaded Objects now: 1577.
Total: 1.480000 ms (FindLiveObjects: 0.126700 ms CreateObjectMapping: 0.032000 ms MarkObjects: 1.309500 ms  DeleteObjects: 0.010900 ms)

========================================================================
Received Prepare
Registering precompiled user dll's ...
Registered in 0.000548 seconds.
Begin MonoManager ReloadAssembly
Native extension for WindowsStandalone target not found
Native extension for WebGL target not found
Refreshing native plugins compatible for Editor in 0.18 ms, found 0 plugins.
Preloading 0 native plugins for Editor in 0.00 ms.
Mono: successfully reloaded assembly
- Completed reload, in  0.802 seconds
Platform modules already initialized, skipping
Refreshing native plugins compatible for Editor in 0.20 ms, found 0 plugins.
Preloading 0 native plugins for Editor in 0.00 ms.
Unloading 1113 Unused Serialized files (Serialized files now loaded: 0)
System memory in use before: 57.5 MB.
System memory in use after: 57.5 MB.

Unloading 4 unused Assets to reduce memory usage. Loaded Objects now: 1580.
Total: 1.445000 ms (FindLiveObjects: 0.157800 ms CreateObjectMapping: 0.038700 ms MarkObjects: 1.235600 ms  DeleteObjects: 0.011800 ms)

========================================================================
Received Prepare
Registering precompiled user dll's ...
Registered in 0.000502 seconds.
Begin MonoManager ReloadAssembly
Native extension for WindowsStandalone target not found
Native extension for WebGL target not found
Refreshing native plugins compatible for Editor in 0.20 ms, found 0 plugins.
Preloading 0 native plugins for Editor in 0.00 ms.
Mono: successfully reloaded assembly
- Completed reload, in  0.740 seconds
Platform modules already initialized, skipping
Refreshing native plugins compatible for Editor in 0.25 ms, found 0 plugins.
Preloading 0 native plugins for Editor in 0.00 ms.
Unloading 1113 Unused Serialized files (Serialized files now loaded: 0)
System memory in use before: 57.5 MB.
System memory in use after: 57.6 MB.

Unloading 4 unused Assets to reduce memory usage. Loaded Objects now: 1583.
Total: 1.604800 ms (FindLiveObjects: 0.263600 ms CreateObjectMapping: 0.075200 ms MarkObjects: 1.251400 ms  DeleteObjects: 0.013400 ms)

========================================================================
Received Prepare
Registering precompiled user dll's ...
Registered in 0.000520 seconds.
Begin MonoManager ReloadAssembly
Native extension for WindowsStandalone target not found
Native extension for WebGL target not found
Refreshing native plugins compatible for Editor in 0.23 ms, found 0 plugins.
Preloading 0 native plugins for Editor in 0.00 ms.
Mono: successfully reloaded assembly
- Completed reload, in  0.783 seconds
Platform modules already initialized, skipping
Refreshing native plugins compatible for Editor in 0.18 ms, found 0 plugins.
Preloading 0 native plugins for Editor in 0.00 ms.
Unloading 1126 Unused Serialized files (Serialized files now loaded: 0)
System memory in use before: 59.6 MB.
System memory in use after: 59.0 MB.

Unloading 17 unused Assets to reduce memory usage. Loaded Objects now: 1586.
Total: 1.868700 ms (FindLiveObjects: 0.235200 ms CreateObjectMapping: 0.078600 ms MarkObjects: 1.197700 ms  DeleteObjects: 0.355500 ms)

========================================================================
Received Prepare
Registering precompiled user dll's ...
Registered in 0.000640 seconds.
Begin MonoManager ReloadAssembly
Native extension for WindowsStandalone target not found
Native extension for WebGL target not found
Refreshing native plugins compatible for Editor in 0.21 ms, found 0 plugins.
Preloading 0 native plugins for Editor in 0.00 ms.
Mono: successfully reloaded assembly
- Completed reload, in  0.784 seconds
Platform modules already initialized, skipping
Refreshing native plugins compatible for Editor in 0.19 ms, found 0 plugins.
Preloading 0 native plugins for Editor in 0.00 ms.
Unloading 1126 Unused Serialized files (Serialized files now loaded: 0)
System memory in use before: 59.6 MB.
System memory in use after: 59.1 MB.

Unloading 17 unused Assets to reduce memory usage. Loaded Objects now: 1589.
Total: 2.354900 ms (FindLiveObjects: 0.168800 ms CreateObjectMapping: 0.047400 ms MarkObjects: 1.249800 ms  DeleteObjects: 0.887300 ms)

========================================================================
Received Prepare
Registering precompiled user dll's ...
Registered in 0.000490 seconds.
Begin MonoManager ReloadAssembly
Native extension for WindowsStandalone target not found
Native extension for WebGL target not found
Refreshing native plugins compatible for Editor in 0.26 ms, found 0 plugins.
Preloading 0 native plugins for Editor in 0.00 ms.
Mono: successfully reloaded assembly
- Completed reload, in  0.709 seconds
Platform modules already initialized, skipping
Refreshing native plugins compatible for Editor in 0.20 ms, found 0 plugins.
Preloading 0 native plugins for Editor in 0.00 ms.
Unloading 1126 Unused Serialized files (Serialized files now loaded: 0)
System memory in use before: 59.6 MB.
System memory in use after: 59.1 MB.

Unloading 17 unused Assets to reduce memory usage. Loaded Objects now: 1592.
Total: 2.903400 ms (FindLiveObjects: 0.220600 ms CreateObjectMapping: 0.070200 ms MarkObjects: 1.669700 ms  DeleteObjects: 0.941100 ms)

========================================================================
Received Prepare
Registering precompiled user dll's ...
Registered in 0.000593 seconds.
Begin MonoManager ReloadAssembly
Native extension for WindowsStandalone target not found
Native extension for WebGL target not found
Refreshing native plugins compatible for Editor in 0.37 ms, found 0 plugins.
Preloading 0 native plugins for Editor in 0.00 ms.
Mono: successfully reloaded assembly
- Completed reload, in  0.819 seconds
Platform modules already initialized, skipping
Refreshing native plugins compatible for Editor in 0.20 ms, found 0 plugins.
Preloading 0 native plugins for Editor in 0.00 ms.
Unloading 1126 Unused Serialized files (Serialized files now loaded: 0)
System memory in use before: 59.6 MB.
System memory in use after: 59.1 MB.

Unloading 17 unused Assets to reduce memory usage. Loaded Objects now: 1595.
Total: 1.578600 ms (FindLiveObjects: 0.220300 ms CreateObjectMapping: 0.030600 ms MarkObjects: 1.040200 ms  DeleteObjects: 0.286600 ms)

========================================================================
Received Prepare
Registering precompiled user dll's ...
Registered in 0.000589 seconds.
Begin MonoManager ReloadAssembly
Native extension for WindowsStandalone target not found
Native extension for WebGL target not found
Refreshing native plugins compatible for Editor in 0.21 ms, found 0 plugins.
Preloading 0 native plugins for Editor in 0.00 ms.
Mono: successfully reloaded assembly
- Completed reload, in  0.730 seconds
Platform modules already initialized, skipping
Refreshing native plugins compatible for Editor in 0.20 ms, found 0 plugins.
Preloading 0 native plugins for Editor in 0.00 ms.
Unloading 1126 Unused Serialized files (Serialized files now loaded: 0)
System memory in use before: 59.7 MB.
System memory in use after: 59.1 MB.

Unloading 17 unused Assets to reduce memory usage. Loaded Objects now: 1598.
Total: 1.603600 ms (FindLiveObjects: 0.146500 ms CreateObjectMapping: 0.037000 ms MarkObjects: 1.147600 ms  DeleteObjects: 0.271700 ms)

========================================================================
Received Prepare
Registering precompiled user dll's ...
Registered in 0.000527 seconds.
Begin MonoManager ReloadAssembly
Native extension for WindowsStandalone target not found
Native extension for WebGL target not found
Refreshing native plugins compatible for Editor in 0.19 ms, found 0 plugins.
Preloading 0 native plugins for Editor in 0.00 ms.
Mono: successfully reloaded assembly
- Completed reload, in  0.721 seconds
Platform modules already initialized, skipping
Refreshing native plugins compatible for Editor in 0.18 ms, found 0 plugins.
Preloading 0 native plugins for Editor in 0.00 ms.
Unloading 1126 Unused Serialized files (Serialized files now loaded: 0)
System memory in use before: 59.7 MB.
System memory in use after: 59.1 MB.

Unloading 17 unused Assets to reduce memory usage. Loaded Objects now: 1601.
Total: 1.996000 ms (FindLiveObjects: 0.166000 ms CreateObjectMapping: 0.044900 ms MarkObjects: 1.337100 ms  DeleteObjects: 0.446600 ms)

========================================================================
Received Prepare
Registering precompiled user dll's ...
Registered in 0.000584 seconds.
Begin MonoManager ReloadAssembly
Native extension for WindowsStandalone target not found
Native extension for WebGL target not found
Refreshing native plugins compatible for Editor in 0.28 ms, found 0 plugins.
Preloading 0 native plugins for Editor in 0.00 ms.
Mono: successfully reloaded assembly
- Completed reload, in  0.731 seconds
Platform modules already initialized, skipping
Refreshing native plugins compatible for Editor in 0.21 ms, found 0 plugins.
Preloading 0 native plugins for Editor in 0.00 ms.
Unloading 1126 Unused Serialized files (Serialized files now loaded: 0)
System memory in use before: 59.7 MB.
System memory in use after: 59.1 MB.

Unloading 17 unused Assets to reduce memory usage. Loaded Objects now: 1604.
Total: 1.580500 ms (FindLiveObjects: 0.143900 ms CreateObjectMapping: 0.034900 ms MarkObjects: 1.112400 ms  DeleteObjects: 0.287800 ms)

========================================================================
Received Prepare
Registering precompiled user dll's ...
Registered in 0.000567 seconds.
Begin MonoManager ReloadAssembly
Native extension for WindowsStandalone target not found
Native extension for WebGL target not found
Refreshing native plugins compatible for Editor in 0.25 ms, found 0 plugins.
Preloading 0 native plugins for Editor in 0.00 ms.
Mono: successfully reloaded assembly
- Completed reload, in  0.726 seconds
Platform modules already initialized, skipping
Refreshing native plugins compatible for Editor in 0.23 ms, found 0 plugins.
Preloading 0 native plugins for Editor in 0.00 ms.
Unloading 1126 Unused Serialized files (Serialized files now loaded: 0)
System memory in use before: 59.7 MB.
System memory in use after: 59.1 MB.

Unloading 17 unused Assets to reduce memory usage. Loaded Objects now: 1607.
Total: 2.056400 ms (FindLiveObjects: 0.245400 ms CreateObjectMapping: 0.074800 ms MarkObjects: 1.422300 ms  DeleteObjects: 0.312700 ms)

========================================================================
Received Prepare
Registering precompiled user dll's ...
Registered in 0.000535 seconds.
Begin MonoManager ReloadAssembly
Native extension for WindowsStandalone target not found
Native extension for WebGL target not found
Refreshing native plugins compatible for Editor in 0.19 ms, found 0 plugins.
Preloading 0 native plugins for Editor in 0.00 ms.
Mono: successfully reloaded assembly
- Completed reload, in  0.755 seconds
Platform modules already initialized, skipping
Refreshing native plugins compatible for Editor in 0.19 ms, found 0 plugins.
Preloading 0 native plugins for Editor in 0.00 ms.
Unloading 1126 Unused Serialized files (Serialized files now loaded: 0)
System memory in use before: 59.7 MB.
System memory in use after: 59.1 MB.

Unloading 17 unused Assets to reduce memory usage. Loaded Objects now: 1610.
Total: 2.249800 ms (FindLiveObjects: 0.282700 ms CreateObjectMapping: 0.113200 ms MarkObjects: 1.563900 ms  DeleteObjects: 0.288200 ms)

========================================================================
Received Prepare
Registering precompiled user dll's ...
Registered in 0.000500 seconds.
Begin MonoManager ReloadAssembly
Native extension for WindowsStandalone target not found
Native extension for WebGL target not found
Refreshing native plugins compatible for Editor in 0.19 ms, found 0 plugins.
Preloading 0 native plugins for Editor in 0.00 ms.
Mono: successfully reloaded assembly
- Completed reload, in  0.698 seconds
Platform modules already initialized, skipping
Refreshing native plugins compatible for Editor in 0.18 ms, found 0 plugins.
Preloading 0 native plugins for Editor in 0.00 ms.
Unloading 1126 Unused Serialized files (Serialized files now loaded: 0)
System memory in use before: 59.7 MB.
System memory in use after: 59.1 MB.

Unloading 17 unused Assets to reduce memory usage. Loaded Objects now: 1613.
Total: 2.655400 ms (FindLiveObjects: 0.325600 ms CreateObjectMapping: 0.185700 ms MarkObjects: 1.762100 ms  DeleteObjects: 0.380100 ms)

========================================================================
Received Import Request.
  Time since last request: 1892.766702 seconds.
  path: Assets/Scripts/PertilTextureGeneratorEditor.cs
  artifactKey: Guid(1173b3a904eb7e14eb3b8fcba5bd502f) Importer(815301076,1909f56bfc062723c751e8b465ee728b)
Start importing Assets/Scripts/PertilTextureGeneratorEditor.cs using Guid(1173b3a904eb7e14eb3b8fcba5bd502f) Importer(815301076,1909f56bfc062723c751e8b465ee728b)  -> (artifact id: '2d5fea3bd80b0b28407d1ea0cbc7c4c3') in 0.010891 seconds
  Import took 0.012667 seconds .

========================================================================
Received Import Request.
  Time since last request: 0.004138 seconds.
  path: Assets/Scripts/PertilTextureGeneratorEditor.cs
  artifactKey: Guid(1173b3a904eb7e14eb3b8fcba5bd502f) Importer(815301076,1909f56bfc062723c751e8b465ee728b)
Start importing Assets/Scripts/PertilTextureGeneratorEditor.cs using Guid(1173b3a904eb7e14eb3b8fcba5bd502f) Importer(815301076,1909f56bfc062723c751e8b465ee728b)  -> (artifact id: '2d5fea3bd80b0b28407d1ea0cbc7c4c3') in 0.002509 seconds
  Import took 0.004358 seconds .

========================================================================
Received Import Request.
  Time since last request: 29.636631 seconds.
  path: Assets/TextMesh Pro
  artifactKey: Guid(f54d1bd14bd3ca042bd867b519fee8cc) Importer(815301076,1909f56bfc062723c751e8b465ee728b)
Start importing Assets/TextMesh Pro using Guid(f54d1bd14bd3ca042bd867b519fee8cc) Importer(815301076,1909f56bfc062723c751e8b465ee728b)  -> (artifact id: '848a6be426deb7a1866c2e2c59583138') in 0.010471 seconds
  Import took 0.013076 seconds .

========================================================================
Received Import Request.
  Time since last request: 281.333502 seconds.
  path: Assets/UI/ChargingCircle.png
  artifactKey: Guid(0ae288a8a21a3154897719e2b604f95a) Importer(815301076,1909f56bfc062723c751e8b465ee728b)
Start importing Assets/UI/ChargingCircle.png using Guid(0ae288a8a21a3154897719e2b604f95a) Importer(815301076,1909f56bfc062723c751e8b465ee728b)  -> (artifact id: '1f0d47462e68a937a10d71924ae58bd4') in 0.048618 seconds
  Import took 0.051058 seconds .

========================================================================
Received Import Request.
  Time since last request: 3.774809 seconds.
  path: Assets/UI/ChargingCircle.png
  artifactKey: Guid(0ae288a8a21a3154897719e2b604f95a) Importer(815301076,1909f56bfc062723c751e8b465ee728b)
Start importing Assets/UI/ChargingCircle.png using Guid(0ae288a8a21a3154897719e2b604f95a) Importer(815301076,1909f56bfc062723c751e8b465ee728b)  -> (artifact id: '72ddd1d40553c40b5590449c5b21a3e8') in 0.045534 seconds
  Import took 0.047276 seconds .

========================================================================
Received Prepare
Registering precompiled user dll's ...
Registered in 0.000579 seconds.
Begin MonoManager ReloadAssembly
Native extension for WindowsStandalone target not found
Native extension for WebGL target not found
Refreshing native plugins compatible for Editor in 0.23 ms, found 0 plugins.
Preloading 0 native plugins for Editor in 0.00 ms.
Mono: successfully reloaded assembly
- Completed reload, in  0.720 seconds
Platform modules already initialized, skipping
Refreshing native plugins compatible for Editor in 0.17 ms, found 0 plugins.
Preloading 0 native plugins for Editor in 0.00 ms.
Unloading 1018 Unused Serialized files (Serialized files now loaded: 0)
System memory in use before: 60.5 MB.
System memory in use after: 59.9 MB.

Unloading 17 unused Assets to reduce memory usage. Loaded Objects now: 1622.
Total: 2.026800 ms (FindLiveObjects: 0.173200 ms CreateObjectMapping: 0.073100 ms MarkObjects: 1.477200 ms  DeleteObjects: 0.301700 ms)

========================================================================
Received Import Request.
  Time since last request: 76.499146 seconds.
  path: Assets/UI/ChargingCircle.png
  artifactKey: Guid(0ae288a8a21a3154897719e2b604f95a) Importer(815301076,1909f56bfc062723c751e8b465ee728b)
Start importing Assets/UI/ChargingCircle.png using Guid(0ae288a8a21a3154897719e2b604f95a) Importer(815301076,1909f56bfc062723c751e8b465ee728b)  -> (artifact id: '86554a9d21b6d62ce42fcd2b1e48eff6') in 0.049082 seconds
  Import took 0.050828 seconds .

========================================================================
Received Prepare
Registering precompiled user dll's ...
Registered in 0.000591 seconds.
Begin MonoManager ReloadAssembly
Native extension for WindowsStandalone target not found
Native extension for WebGL target not found
Refreshing native plugins compatible for Editor in 0.17 ms, found 0 plugins.
Preloading 0 native plugins for Editor in 0.00 ms.
Mono: successfully reloaded assembly
- Completed reload, in  0.702 seconds
Platform modules already initialized, skipping
Refreshing native plugins compatible for Editor in 0.17 ms, found 0 plugins.
Preloading 0 native plugins for Editor in 0.00 ms.
Unloading 1018 Unused Serialized files (Serialized files now loaded: 0)
System memory in use before: 60.6 MB.
System memory in use after: 60.0 MB.

Unloading 17 unused Assets to reduce memory usage. Loaded Objects now: 1626.
Total: 1.608000 ms (FindLiveObjects: 0.208100 ms CreateObjectMapping: 0.044000 ms MarkObjects: 1.085600 ms  DeleteObjects: 0.269100 ms)

========================================================================
Received Prepare
Registering precompiled user dll's ...
Registered in 0.000520 seconds.
Begin MonoManager ReloadAssembly
Native extension for WindowsStandalone target not found
Native extension for WebGL target not found
Refreshing native plugins compatible for Editor in 0.18 ms, found 0 plugins.
Preloading 0 native plugins for Editor in 0.00 ms.
Mono: successfully reloaded assembly
- Completed reload, in  0.664 seconds
Platform modules already initialized, skipping
Refreshing native plugins compatible for Editor in 0.18 ms, found 0 plugins.
Preloading 0 native plugins for Editor in 0.00 ms.
Unloading 1018 Unused Serialized files (Serialized files now loaded: 0)
System memory in use before: 60.6 MB.
System memory in use after: 60.0 MB.

Unloading 17 unused Assets to reduce memory usage. Loaded Objects now: 1629.
Total: 2.378100 ms (FindLiveObjects: 0.363000 ms CreateObjectMapping: 0.178500 ms MarkObjects: 1.539900 ms  DeleteObjects: 0.278100 ms)

========================================================================
Received Prepare
Registering precompiled user dll's ...
Registered in 0.000864 seconds.
Begin MonoManager ReloadAssembly
Native extension for WindowsStandalone target not found
Native extension for WebGL target not found
Refreshing native plugins compatible for Editor in 0.19 ms, found 0 plugins.
Preloading 0 native plugins for Editor in 0.00 ms.
Mono: successfully reloaded assembly
- Completed reload, in  0.733 seconds
Platform modules already initialized, skipping
Refreshing native plugins compatible for Editor in 0.18 ms, found 0 plugins.
Preloading 0 native plugins for Editor in 0.00 ms.
Unloading 1018 Unused Serialized files (Serialized files now loaded: 0)
System memory in use before: 60.6 MB.
System memory in use after: 60.0 MB.

Unloading 17 unused Assets to reduce memory usage. Loaded Objects now: 1632.
Total: 1.787800 ms (FindLiveObjects: 0.149700 ms CreateObjectMapping: 0.037700 ms MarkObjects: 1.295900 ms  DeleteObjects: 0.303500 ms)

========================================================================
Received Prepare
Registering precompiled user dll's ...
Registered in 0.000660 seconds.
Begin MonoManager ReloadAssembly
Native extension for WindowsStandalone target not found
Native extension for WebGL target not found
Refreshing native plugins compatible for Editor in 0.19 ms, found 0 plugins.
Preloading 0 native plugins for Editor in 0.00 ms.
Mono: successfully reloaded assembly
- Completed reload, in  0.777 seconds
Platform modules already initialized, skipping
Refreshing native plugins compatible for Editor in 0.28 ms, found 0 plugins.
Preloading 0 native plugins for Editor in 0.00 ms.
Unloading 1018 Unused Serialized files (Serialized files now loaded: 0)
System memory in use before: 60.6 MB.
System memory in use after: 60.0 MB.

Unloading 17 unused Assets to reduce memory usage. Loaded Objects now: 1635.
Total: 2.390600 ms (FindLiveObjects: 0.170400 ms CreateObjectMapping: 0.048800 ms MarkObjects: 1.871200 ms  DeleteObjects: 0.299000 ms)

========================================================================
Received Import Request.
  Time since last request: 867.975545 seconds.
  path: Assets/Scripts/PerlinTexturesGenerator.cs
  artifactKey: Guid(3c844c1efbc64e1478186046a1e31353) Importer(815301076,1909f56bfc062723c751e8b465ee728b)
Start importing Assets/Scripts/PerlinTexturesGenerator.cs using Guid(3c844c1efbc64e1478186046a1e31353) Importer(815301076,1909f56bfc062723c751e8b465ee728b)  -> (artifact id: 'f4f965be48ae5cfb5968e80ac1e420bf') in 0.009331 seconds
  Import took 0.010929 seconds .

========================================================================
Received Import Request.
  Time since last request: 0.023478 seconds.
  path: Assets/Scripts/PerlinTexturesGenerator.cs
  artifactKey: Guid(3c844c1efbc64e1478186046a1e31353) Importer(815301076,1909f56bfc062723c751e8b465ee728b)
Start importing Assets/Scripts/PerlinTexturesGenerator.cs using Guid(3c844c1efbc64e1478186046a1e31353) Importer(815301076,1909f56bfc062723c751e8b465ee728b)  -> (artifact id: 'f4f965be48ae5cfb5968e80ac1e420bf') in 0.002615 seconds
  Import took 0.004608 seconds .

========================================================================
Received Prepare
Registering precompiled user dll's ...
Registered in 0.000499 seconds.
Begin MonoManager ReloadAssembly
Native extension for WindowsStandalone target not found
Native extension for WebGL target not found
Refreshing native plugins compatible for Editor in 0.18 ms, found 0 plugins.
Preloading 0 native plugins for Editor in 0.00 ms.
Mono: successfully reloaded assembly
- Completed reload, in  0.725 seconds
Platform modules already initialized, skipping
Refreshing native plugins compatible for Editor in 0.19 ms, found 0 plugins.
Preloading 0 native plugins for Editor in 0.00 ms.
Unloading 1018 Unused Serialized files (Serialized files now loaded: 0)
System memory in use before: 60.5 MB.
System memory in use after: 60.0 MB.

Unloading 17 unused Assets to reduce memory usage. Loaded Objects now: 1638.
Total: 1.936300 ms (FindLiveObjects: 0.203000 ms CreateObjectMapping: 0.092800 ms MarkObjects: 1.363200 ms  DeleteObjects: 0.276500 ms)

========================================================================
Received Prepare
Registering precompiled user dll's ...
Registered in 0.000715 seconds.
Begin MonoManager ReloadAssembly
Native extension for WindowsStandalone target not found
Native extension for WebGL target not found
Refreshing native plugins compatible for Editor in 0.18 ms, found 0 plugins.
Preloading 0 native plugins for Editor in 0.00 ms.
Mono: successfully reloaded assembly
- Completed reload, in  0.698 seconds
Platform modules already initialized, skipping
Refreshing native plugins compatible for Editor in 0.18 ms, found 0 plugins.
Preloading 0 native plugins for Editor in 0.00 ms.
Unloading 1018 Unused Serialized files (Serialized files now loaded: 0)
System memory in use before: 60.6 MB.
System memory in use after: 60.0 MB.

Unloading 17 unused Assets to reduce memory usage. Loaded Objects now: 1641.
Total: 1.713400 ms (FindLiveObjects: 0.144500 ms CreateObjectMapping: 0.039400 ms MarkObjects: 1.198000 ms  DeleteObjects: 0.330800 ms)

========================================================================
Received Prepare
Registering precompiled user dll's ...
Registered in 0.000869 seconds.
Begin MonoManager ReloadAssembly
Native extension for WindowsStandalone target not found
Native extension for WebGL target not found
Refreshing native plugins compatible for Editor in 0.21 ms, found 0 plugins.
Preloading 0 native plugins for Editor in 0.00 ms.
Mono: successfully reloaded assembly
- Completed reload, in  0.795 seconds
Platform modules already initialized, skipping
Refreshing native plugins compatible for Editor in 0.21 ms, found 0 plugins.
Preloading 0 native plugins for Editor in 0.00 ms.
Unloading 1018 Unused Serialized files (Serialized files now loaded: 0)
System memory in use before: 60.6 MB.
System memory in use after: 60.0 MB.

Unloading 17 unused Assets to reduce memory usage. Loaded Objects now: 1644.
Total: 2.228600 ms (FindLiveObjects: 0.236800 ms CreateObjectMapping: 0.109600 ms MarkObjects: 1.414000 ms  DeleteObjects: 0.466500 ms)

========================================================================
Received Prepare
Registering precompiled user dll's ...
Registered in 0.001036 seconds.
Begin MonoManager ReloadAssembly
Native extension for WindowsStandalone target not found
Native extension for WebGL target not found
Refreshing native plugins compatible for Editor in 0.18 ms, found 0 plugins.
Preloading 0 native plugins for Editor in 0.00 ms.
Mono: successfully reloaded assembly
- Completed reload, in  0.708 seconds
Platform modules already initialized, skipping
Refreshing native plugins compatible for Editor in 0.17 ms, found 0 plugins.
Preloading 0 native plugins for Editor in 0.00 ms.
Unloading 1018 Unused Serialized files (Serialized files now loaded: 0)
System memory in use before: 60.6 MB.
System memory in use after: 60.0 MB.

Unloading 17 unused Assets to reduce memory usage. Loaded Objects now: 1647.
Total: 1.736000 ms (FindLiveObjects: 0.159700 ms CreateObjectMapping: 0.042900 ms MarkObjects: 1.218700 ms  DeleteObjects: 0.313400 ms)

========================================================================
Received Prepare
Registering precompiled user dll's ...
Registered in 0.000573 seconds.
Begin MonoManager ReloadAssembly
Native extension for WindowsStandalone target not found
Native extension for WebGL target not found
Refreshing native plugins compatible for Editor in 0.35 ms, found 0 plugins.
Preloading 0 native plugins for Editor in 0.00 ms.
Mono: successfully reloaded assembly
- Completed reload, in  0.723 seconds
Platform modules already initialized, skipping
Refreshing native plugins compatible for Editor in 0.17 ms, found 0 plugins.
Preloading 0 native plugins for Editor in 0.00 ms.
Unloading 1018 Unused Serialized files (Serialized files now loaded: 0)
System memory in use before: 60.6 MB.
System memory in use after: 60.0 MB.

Unloading 17 unused Assets to reduce memory usage. Loaded Objects now: 1650.
Total: 1.677700 ms (FindLiveObjects: 0.197200 ms CreateObjectMapping: 0.050500 ms MarkObjects: 1.067500 ms  DeleteObjects: 0.361700 ms)

========================================================================
Received Prepare
Registering precompiled user dll's ...
Registered in 0.000572 seconds.
Begin MonoManager ReloadAssembly
Native extension for WindowsStandalone target not found
Native extension for WebGL target not found
Refreshing native plugins compatible for Editor in 0.18 ms, found 0 plugins.
Preloading 0 native plugins for Editor in 0.00 ms.
Mono: successfully reloaded assembly
- Completed reload, in  0.711 seconds
Platform modules already initialized, skipping
Refreshing native plugins compatible for Editor in 0.18 ms, found 0 plugins.
Preloading 0 native plugins for Editor in 0.00 ms.
Unloading 1018 Unused Serialized files (Serialized files now loaded: 0)
System memory in use before: 60.6 MB.
System memory in use after: 60.0 MB.

Unloading 17 unused Assets to reduce memory usage. Loaded Objects now: 1653.
Total: 1.584600 ms (FindLiveObjects: 0.154600 ms CreateObjectMapping: 0.039300 ms MarkObjects: 1.113800 ms  DeleteObjects: 0.275100 ms)

========================================================================
Received Prepare
Registering precompiled user dll's ...
Registered in 0.000546 seconds.
Begin MonoManager ReloadAssembly
Native extension for WindowsStandalone target not found
Native extension for WebGL target not found
Refreshing native plugins compatible for Editor in 0.17 ms, found 0 plugins.
Preloading 0 native plugins for Editor in 0.00 ms.
Mono: successfully reloaded assembly
- Completed reload, in  0.710 seconds
Platform modules already initialized, skipping
Refreshing native plugins compatible for Editor in 0.18 ms, found 0 plugins.
Preloading 0 native plugins for Editor in 0.00 ms.
Unloading 1018 Unused Serialized files (Serialized files now loaded: 0)
System memory in use before: 60.6 MB.
System memory in use after: 60.1 MB.

Unloading 17 unused Assets to reduce memory usage. Loaded Objects now: 1656.
Total: 1.927200 ms (FindLiveObjects: 0.189800 ms CreateObjectMapping: 0.053300 ms MarkObjects: 1.412100 ms  DeleteObjects: 0.271100 ms)

========================================================================
Received Prepare
Registering precompiled user dll's ...
Registered in 0.000483 seconds.
Begin MonoManager ReloadAssembly
Native extension for WindowsStandalone target not found
Native extension for WebGL target not found
Refreshing native plugins compatible for Editor in 0.18 ms, found 0 plugins.
Preloading 0 native plugins for Editor in 0.00 ms.
Mono: successfully reloaded assembly
- Completed reload, in  0.723 seconds
Platform modules already initialized, skipping
Refreshing native plugins compatible for Editor in 0.18 ms, found 0 plugins.
Preloading 0 native plugins for Editor in 0.00 ms.
Unloading 1018 Unused Serialized files (Serialized files now loaded: 0)
System memory in use before: 60.6 MB.
System memory in use after: 60.1 MB.

Unloading 17 unused Assets to reduce memory usage. Loaded Objects now: 1659.
Total: 2.090500 ms (FindLiveObjects: 0.154100 ms CreateObjectMapping: 0.044300 ms MarkObjects: 1.491600 ms  DeleteObjects: 0.399500 ms)

========================================================================
Received Prepare
Registering precompiled user dll's ...
Registered in 0.000478 seconds.
Begin MonoManager ReloadAssembly
Native extension for WindowsStandalone target not found
Native extension for WebGL target not found
Refreshing native plugins compatible for Editor in 0.18 ms, found 0 plugins.
Preloading 0 native plugins for Editor in 0.00 ms.
Mono: successfully reloaded assembly
- Completed reload, in  0.724 seconds
Platform modules already initialized, skipping
Refreshing native plugins compatible for Editor in 0.17 ms, found 0 plugins.
Preloading 0 native plugins for Editor in 0.00 ms.
Unloading 1018 Unused Serialized files (Serialized files now loaded: 0)
System memory in use before: 60.6 MB.
System memory in use after: 60.1 MB.

Unloading 17 unused Assets to reduce memory usage. Loaded Objects now: 1662.
Total: 1.553900 ms (FindLiveObjects: 0.128100 ms CreateObjectMapping: 0.030800 ms MarkObjects: 1.120300 ms  DeleteObjects: 0.273600 ms)

========================================================================
Received Prepare
Registering precompiled user dll's ...
Registered in 0.000531 seconds.
Begin MonoManager ReloadAssembly
Native extension for WindowsStandalone target not found
Native extension for WebGL target not found
Refreshing native plugins compatible for Editor in 0.18 ms, found 0 plugins.
Preloading 0 native plugins for Editor in 0.00 ms.
Mono: successfully reloaded assembly
- Completed reload, in  0.719 seconds
Platform modules already initialized, skipping
Refreshing native plugins compatible for Editor in 0.18 ms, found 0 plugins.
Preloading 0 native plugins for Editor in 0.00 ms.
Unloading 1018 Unused Serialized files (Serialized files now loaded: 0)
System memory in use before: 60.6 MB.
System memory in use after: 60.1 MB.

Unloading 17 unused Assets to reduce memory usage. Loaded Objects now: 1665.
Total: 1.697500 ms (FindLiveObjects: 0.230900 ms CreateObjectMapping: 0.077400 ms MarkObjects: 1.121300 ms  DeleteObjects: 0.267000 ms)

========================================================================
Received Prepare
Registering precompiled user dll's ...
Registered in 0.000640 seconds.
Begin MonoManager ReloadAssembly
Native extension for WindowsStandalone target not found
Native extension for WebGL target not found
Refreshing native plugins compatible for Editor in 0.19 ms, found 0 plugins.
Preloading 0 native plugins for Editor in 0.00 ms.
Mono: successfully reloaded assembly
- Completed reload, in  0.677 seconds
Platform modules already initialized, skipping
Refreshing native plugins compatible for Editor in 0.21 ms, found 0 plugins.
Preloading 0 native plugins for Editor in 0.00 ms.
Unloading 1018 Unused Serialized files (Serialized files now loaded: 0)
System memory in use before: 60.6 MB.
System memory in use after: 60.1 MB.

Unloading 17 unused Assets to reduce memory usage. Loaded Objects now: 1668.
Total: 2.963300 ms (FindLiveObjects: 0.349400 ms CreateObjectMapping: 0.198000 ms MarkObjects: 2.077700 ms  DeleteObjects: 0.336100 ms)

AssetImportWorkerClient::OnTransportError - code=2 error=End of file
