Using pre-set license
Built from '2020.3/staging' branch; Version is '2020.3.4f1 (0abb6314276a) revision 703331'; Using compiler version '192528614'; Build Type 'Release'
OS: 'Windows 10 Pro; OS build 22000.434; Version 2009; 64bit' Language: 'es' Physical Memory: 16201 MB
BatchMode: 1, IsHumanControllingUs: 0, StartBugReporterOnCrash: 0, Is64bit: 1, IsPro: 0

 COMMAND LINE ARGUMENTS:
C:\Program Files\Unity\Hub\Editor\2020.3.4f1\Editor\Unity.exe
-adb2
-batchMode
-noUpm
-name
AssetImportWorker0
-projectPath
C:/Carpetas personales/Estudio Autodidacta/Repos/Basic-Procedural-Terrain-Generation-Exercise/Procedural Terrain Exercice
-logFile
Logs/AssetImportWorker0.log
-srvPort
56608
Successfully changed project path to: C:/Carpetas personales/Estudio Autodidacta/Repos/Basic-Procedural-Terrain-Generation-Exercise/Procedural Terrain Exercice
C:/Carpetas personales/Estudio Autodidacta/Repos/Basic-Procedural-Terrain-Generation-Exercise/Procedural Terrain Exercice
Using Asset Import Pipeline V2.
Refreshing native plugins compatible for Editor in 20.07 ms, found 0 plugins.
Preloading 0 native plugins for Editor in 0.00 ms.
Initialize engine version: 2020.3.4f1 (0abb6314276a)
[Subsystems] Discovering subsystems at path C:/Program Files/Unity/Hub/Editor/2020.3.4f1/Editor/Data/Resources/UnitySubsystems
[Subsystems] Discovering subsystems at path C:/Carpetas personales/Estudio Autodidacta/Repos/Basic-Procedural-Terrain-Generation-Exercise/Procedural Terrain Exercice/Assets
GfxDevice: creating device client; threaded=0
Direct3D:
    Version:  Direct3D 11.0 [level 11.1]
    Renderer: NVIDIA GeForce RTX 2060 (ID=0x1f15)
    Vendor:   
    VRAM:     5980 MB
    Driver:   26.21.14.4223
Initialize mono
Mono path[0] = 'C:/Program Files/Unity/Hub/Editor/2020.3.4f1/Editor/Data/Managed'
Mono path[1] = 'C:/Program Files/Unity/Hub/Editor/2020.3.4f1/Editor/Data/MonoBleedingEdge/lib/mono/unityjit'
Mono config path = 'C:/Program Files/Unity/Hub/Editor/2020.3.4f1/Editor/Data/MonoBleedingEdge/etc'
Using monoOptions --debugger-agent=transport=dt_socket,embedding=1,server=y,suspend=n,address=127.0.0.1:56208
Begin MonoManager ReloadAssembly
Registering precompiled unity dll's ...
Register platform support module: C:/Program Files/Unity/Hub/Editor/2020.3.4f1/Editor/Data/PlaybackEngines/WebGLSupport/UnityEditor.WebGL.Extensions.dll
Register platform support module: C:/Program Files/Unity/Hub/Editor/2020.3.4f1/Editor/Data/PlaybackEngines/WindowsStandaloneSupport/UnityEditor.WindowsStandalone.Extensions.dll
Registered in 0.001424 seconds.
Native extension for WindowsStandalone target not found
Native extension for WebGL target not found
Refreshing native plugins compatible for Editor in 20.57 ms, found 0 plugins.
Preloading 0 native plugins for Editor in 0.00 ms.
Mono: successfully reloaded assembly
- Completed reload, in  1.841 seconds
Platform modules already initialized, skipping
Registering precompiled user dll's ...
Registered in 0.001285 seconds.
Begin MonoManager ReloadAssembly
Native extension for WindowsStandalone target not found
Native extension for WebGL target not found
Refreshing native plugins compatible for Editor in 0.20 ms, found 0 plugins.
Preloading 0 native plugins for Editor in 0.00 ms.
Mono: successfully reloaded assembly
- Completed reload, in  0.764 seconds
Platform modules already initialized, skipping
========================================================================
Worker process is ready to serve import requests
Launched and connected shader compiler UnityShaderCompiler.exe after 0.03 seconds
Refreshing native plugins compatible for Editor in 0.22 ms, found 0 plugins.
Preloading 0 native plugins for Editor in 0.00 ms.
Unloading 1009 Unused Serialized files (Serialized files now loaded: 0)
System memory in use before: 52.3 MB.
System memory in use after: 52.4 MB.

Unloading 9 unused Assets to reduce memory usage. Loaded Objects now: 1453.
Total: 1.410700 ms (FindLiveObjects: 0.146300 ms CreateObjectMapping: 0.036700 ms MarkObjects: 1.177000 ms  DeleteObjects: 0.049500 ms)

========================================================================
Received Import Request.
  path: Assets/Scripts/Pool
  artifactKey: Guid(8ccf3987a54168145b0e75779d9e6a37) Importer(815301076,1909f56bfc062723c751e8b465ee728b)
Start importing Assets/Scripts/Pool using Guid(8ccf3987a54168145b0e75779d9e6a37) Importer(815301076,1909f56bfc062723c751e8b465ee728b)  -> (artifact id: '13c647f795edbc718a6c03f71437ec9a') in 0.010234 seconds
  Import took 0.011650 seconds .

========================================================================
Received Prepare
Registering precompiled user dll's ...
Registered in 0.000955 seconds.
Begin MonoManager ReloadAssembly
Native extension for WindowsStandalone target not found
Native extension for WebGL target not found
Refreshing native plugins compatible for Editor in 0.17 ms, found 0 plugins.
Preloading 0 native plugins for Editor in 0.00 ms.
Mono: successfully reloaded assembly
- Completed reload, in  0.736 seconds
Platform modules already initialized, skipping
Refreshing native plugins compatible for Editor in 0.19 ms, found 0 plugins.
Preloading 0 native plugins for Editor in 0.00 ms.
Unloading 1007 Unused Serialized files (Serialized files now loaded: 0)
System memory in use before: 52.5 MB.
System memory in use after: 52.5 MB.

Unloading 4 unused Assets to reduce memory usage. Loaded Objects now: 1458.
Total: 1.543800 ms (FindLiveObjects: 0.138500 ms CreateObjectMapping: 0.044300 ms MarkObjects: 1.348300 ms  DeleteObjects: 0.011800 ms)

========================================================================
Received Import Request.
  Time since last request: 125.669446 seconds.
  path: Assets/Scripts/Pool/PoolManager.cs
  artifactKey: Guid(b7992c30fef094d4fa4988df3392b185) Importer(815301076,1909f56bfc062723c751e8b465ee728b)
Start importing Assets/Scripts/Pool/PoolManager.cs using Guid(b7992c30fef094d4fa4988df3392b185) Importer(815301076,1909f56bfc062723c751e8b465ee728b)  -> (artifact id: '3d5393691d370416f04cfc334c2c8fb8') in 0.031869 seconds
  Import took 0.033519 seconds .

========================================================================
Received Import Request.
  Time since last request: 402.745278 seconds.
  path: Assets/Scripts/Pool/PoolManager.cs
  artifactKey: Guid(b7992c30fef094d4fa4988df3392b185) Importer(815301076,1909f56bfc062723c751e8b465ee728b)
Start importing Assets/Scripts/Pool/PoolManager.cs using Guid(b7992c30fef094d4fa4988df3392b185) Importer(815301076,1909f56bfc062723c751e8b465ee728b)  -> (artifact id: '0997f86f2fbe5bad12266a2b27a42c40') in 0.006820 seconds
  Import took 0.008939 seconds .

========================================================================
Received Prepare
Registering precompiled user dll's ...
Registered in 0.000588 seconds.
Begin MonoManager ReloadAssembly
Native extension for WindowsStandalone target not found
Native extension for WebGL target not found
Refreshing native plugins compatible for Editor in 0.21 ms, found 0 plugins.
Preloading 0 native plugins for Editor in 0.00 ms.
Mono: successfully reloaded assembly
- Completed reload, in  0.743 seconds
Platform modules already initialized, skipping
Refreshing native plugins compatible for Editor in 0.17 ms, found 0 plugins.
Preloading 0 native plugins for Editor in 0.00 ms.
Unloading 1007 Unused Serialized files (Serialized files now loaded: 0)
System memory in use before: 52.5 MB.
System memory in use after: 52.6 MB.

Unloading 4 unused Assets to reduce memory usage. Loaded Objects now: 1461.
Total: 2.255000 ms (FindLiveObjects: 0.466600 ms CreateObjectMapping: 0.141300 ms MarkObjects: 1.616100 ms  DeleteObjects: 0.029100 ms)

========================================================================
Received Import Request.
  Time since last request: 54.120175 seconds.
  path: Assets/Blocks/B_FieldBlock.asset
  artifactKey: Guid(88c3c923ae79ffd4787490dc95c24d64) Importer(815301076,1909f56bfc062723c751e8b465ee728b)
Start importing Assets/Blocks/B_FieldBlock.asset using Guid(88c3c923ae79ffd4787490dc95c24d64) Importer(815301076,1909f56bfc062723c751e8b465ee728b)  -> (artifact id: '8fdb7a0534779e0b06e59eb45bca14aa') in 0.023677 seconds
  Import took 0.025343 seconds .

========================================================================
Received Import Request.
  Time since last request: 0.000139 seconds.
  path: Assets/Blocks/B_SandBlock.asset
  artifactKey: Guid(a8c1bca1e7cbdfb4094306b415ddc53c) Importer(815301076,1909f56bfc062723c751e8b465ee728b)
Start importing Assets/Blocks/B_SandBlock.asset using Guid(a8c1bca1e7cbdfb4094306b415ddc53c) Importer(815301076,1909f56bfc062723c751e8b465ee728b)  -> (artifact id: '886867c825d472c57369135b8006ba89') in 0.006902 seconds
  Import took 0.008309 seconds .

========================================================================
Received Import Request.
  Time since last request: 0.000124 seconds.
  path: Assets/Blocks/B_WaterBlock.asset
  artifactKey: Guid(e6251d25abac27840922fb444de31a95) Importer(815301076,1909f56bfc062723c751e8b465ee728b)
Start importing Assets/Blocks/B_WaterBlock.asset using Guid(e6251d25abac27840922fb444de31a95) Importer(815301076,1909f56bfc062723c751e8b465ee728b)  -> (artifact id: '9772f7ef31cf37d321e7ce5f557ab05f') in 0.007499 seconds
  Import took 0.009118 seconds .

========================================================================
Received Import Request.
  Time since last request: 0.000188 seconds.
  path: Assets/Blocks/B_MountainBlock.asset
  artifactKey: Guid(95604720d55d87546afd2f8155b581f4) Importer(815301076,1909f56bfc062723c751e8b465ee728b)
Start importing Assets/Blocks/B_MountainBlock.asset using Guid(95604720d55d87546afd2f8155b581f4) Importer(815301076,1909f56bfc062723c751e8b465ee728b)  -> (artifact id: 'd07dcd3765e02dbd99495cb1a2f62d79') in 0.009400 seconds
  Import took 0.011022 seconds .

========================================================================
Received Import Request.
  Time since last request: 0.000205 seconds.
  path: Assets/Blocks/B_ForestBlock.asset
  artifactKey: Guid(38369cca89f8e0940bb649dc7941ab6e) Importer(815301076,1909f56bfc062723c751e8b465ee728b)
Start importing Assets/Blocks/B_ForestBlock.asset using Guid(38369cca89f8e0940bb649dc7941ab6e) Importer(815301076,1909f56bfc062723c751e8b465ee728b)  -> (artifact id: '6857edd0ab124a597daaca1b95a4b1a2') in 0.008962 seconds
  Import took 0.011537 seconds .

========================================================================
Received Prepare
Registering precompiled user dll's ...
Registered in 0.000819 seconds.
Begin MonoManager ReloadAssembly
Native extension for WindowsStandalone target not found
Native extension for WebGL target not found
Refreshing native plugins compatible for Editor in 0.17 ms, found 0 plugins.
Preloading 0 native plugins for Editor in 0.00 ms.
Mono: successfully reloaded assembly
- Completed reload, in  0.705 seconds
Platform modules already initialized, skipping
Refreshing native plugins compatible for Editor in 0.17 ms, found 0 plugins.
Preloading 0 native plugins for Editor in 0.00 ms.
Unloading 1007 Unused Serialized files (Serialized files now loaded: 0)
System memory in use before: 52.5 MB.
System memory in use after: 52.6 MB.

Unloading 4 unused Assets to reduce memory usage. Loaded Objects now: 1464.
Total: 1.621900 ms (FindLiveObjects: 0.135800 ms CreateObjectMapping: 0.034500 ms MarkObjects: 1.440200 ms  DeleteObjects: 0.010700 ms)

========================================================================
Received Prepare
Registering precompiled user dll's ...
Registered in 0.000557 seconds.
Begin MonoManager ReloadAssembly
Native extension for WindowsStandalone target not found
Native extension for WebGL target not found
Refreshing native plugins compatible for Editor in 0.17 ms, found 0 plugins.
Preloading 0 native plugins for Editor in 0.00 ms.
Mono: successfully reloaded assembly
- Completed reload, in  0.726 seconds
Platform modules already initialized, skipping
Refreshing native plugins compatible for Editor in 0.19 ms, found 0 plugins.
Preloading 0 native plugins for Editor in 0.00 ms.
Unloading 1007 Unused Serialized files (Serialized files now loaded: 0)
System memory in use before: 52.5 MB.
System memory in use after: 52.6 MB.

Unloading 4 unused Assets to reduce memory usage. Loaded Objects now: 1467.
Total: 1.351000 ms (FindLiveObjects: 0.194500 ms CreateObjectMapping: 0.065600 ms MarkObjects: 1.077900 ms  DeleteObjects: 0.011400 ms)

========================================================================
Received Prepare
Registering precompiled user dll's ...
Registered in 0.000520 seconds.
Begin MonoManager ReloadAssembly
Native extension for WindowsStandalone target not found
Native extension for WebGL target not found
Refreshing native plugins compatible for Editor in 0.22 ms, found 0 plugins.
Preloading 0 native plugins for Editor in 0.00 ms.
Mono: successfully reloaded assembly
- Completed reload, in  0.729 seconds
Platform modules already initialized, skipping
Refreshing native plugins compatible for Editor in 0.18 ms, found 0 plugins.
Preloading 0 native plugins for Editor in 0.00 ms.
Unloading 1007 Unused Serialized files (Serialized files now loaded: 0)
System memory in use before: 52.5 MB.
System memory in use after: 52.6 MB.

Unloading 4 unused Assets to reduce memory usage. Loaded Objects now: 1470.
Total: 2.607300 ms (FindLiveObjects: 0.135100 ms CreateObjectMapping: 0.042200 ms MarkObjects: 2.414100 ms  DeleteObjects: 0.014300 ms)

========================================================================
Received Prepare
Registering precompiled user dll's ...
Registered in 0.000536 seconds.
Begin MonoManager ReloadAssembly
Native extension for WindowsStandalone target not found
Native extension for WebGL target not found
Refreshing native plugins compatible for Editor in 0.76 ms, found 0 plugins.
Preloading 0 native plugins for Editor in 0.00 ms.
Mono: successfully reloaded assembly
- Completed reload, in  0.743 seconds
Platform modules already initialized, skipping
Refreshing native plugins compatible for Editor in 0.17 ms, found 0 plugins.
Preloading 0 native plugins for Editor in 0.00 ms.
Unloading 1007 Unused Serialized files (Serialized files now loaded: 0)
System memory in use before: 52.5 MB.
System memory in use after: 52.6 MB.

Unloading 4 unused Assets to reduce memory usage. Loaded Objects now: 1473.
Total: 1.517300 ms (FindLiveObjects: 0.207300 ms CreateObjectMapping: 0.043100 ms MarkObjects: 1.253900 ms  DeleteObjects: 0.011800 ms)

========================================================================
Received Prepare
Registering precompiled user dll's ...
Registered in 0.001539 seconds.
Begin MonoManager ReloadAssembly
Native extension for WindowsStandalone target not found
Native extension for WebGL target not found
Refreshing native plugins compatible for Editor in 0.17 ms, found 0 plugins.
Preloading 0 native plugins for Editor in 0.00 ms.
Mono: successfully reloaded assembly
- Completed reload, in  0.713 seconds
Platform modules already initialized, skipping
Refreshing native plugins compatible for Editor in 0.17 ms, found 0 plugins.
Preloading 0 native plugins for Editor in 0.00 ms.
Unloading 1007 Unused Serialized files (Serialized files now loaded: 0)
System memory in use before: 52.5 MB.
System memory in use after: 52.6 MB.

Unloading 4 unused Assets to reduce memory usage. Loaded Objects now: 1476.
Total: 2.930300 ms (FindLiveObjects: 0.230800 ms CreateObjectMapping: 0.041800 ms MarkObjects: 2.567500 ms  DeleteObjects: 0.087300 ms)

========================================================================
Received Prepare
Registering precompiled user dll's ...
Registered in 0.000504 seconds.
Begin MonoManager ReloadAssembly
Native extension for WindowsStandalone target not found
Native extension for WebGL target not found
Refreshing native plugins compatible for Editor in 0.25 ms, found 0 plugins.
Preloading 0 native plugins for Editor in 0.00 ms.
Mono: successfully reloaded assembly
- Completed reload, in  0.718 seconds
Platform modules already initialized, skipping
Refreshing native plugins compatible for Editor in 0.17 ms, found 0 plugins.
Preloading 0 native plugins for Editor in 0.00 ms.
Unloading 1007 Unused Serialized files (Serialized files now loaded: 0)
System memory in use before: 52.5 MB.
System memory in use after: 52.6 MB.

Unloading 4 unused Assets to reduce memory usage. Loaded Objects now: 1479.
Total: 2.023600 ms (FindLiveObjects: 0.208200 ms CreateObjectMapping: 0.042400 ms MarkObjects: 1.759500 ms  DeleteObjects: 0.012400 ms)

========================================================================
Received Prepare
Registering precompiled user dll's ...
Registered in 0.000731 seconds.
Begin MonoManager ReloadAssembly
Native extension for WindowsStandalone target not found
Native extension for WebGL target not found
Refreshing native plugins compatible for Editor in 0.17 ms, found 0 plugins.
Preloading 0 native plugins for Editor in 0.00 ms.
Mono: successfully reloaded assembly
- Completed reload, in  0.715 seconds
Platform modules already initialized, skipping
Refreshing native plugins compatible for Editor in 0.17 ms, found 0 plugins.
Preloading 0 native plugins for Editor in 0.00 ms.
Unloading 1007 Unused Serialized files (Serialized files now loaded: 0)
System memory in use before: 52.5 MB.
System memory in use after: 52.6 MB.

Unloading 4 unused Assets to reduce memory usage. Loaded Objects now: 1482.
Total: 1.625600 ms (FindLiveObjects: 0.182900 ms CreateObjectMapping: 0.043900 ms MarkObjects: 1.383000 ms  DeleteObjects: 0.014200 ms)

========================================================================
Received Prepare
Registering precompiled user dll's ...
Registered in 0.000572 seconds.
Begin MonoManager ReloadAssembly
Native extension for WindowsStandalone target not found
Native extension for WebGL target not found
Refreshing native plugins compatible for Editor in 0.18 ms, found 0 plugins.
Preloading 0 native plugins for Editor in 0.00 ms.
Mono: successfully reloaded assembly
- Completed reload, in  0.724 seconds
Platform modules already initialized, skipping
Refreshing native plugins compatible for Editor in 0.17 ms, found 0 plugins.
Preloading 0 native plugins for Editor in 0.00 ms.
Unloading 1007 Unused Serialized files (Serialized files now loaded: 0)
System memory in use before: 52.5 MB.
System memory in use after: 52.6 MB.

Unloading 4 unused Assets to reduce memory usage. Loaded Objects now: 1485.
Total: 1.478000 ms (FindLiveObjects: 0.126700 ms CreateObjectMapping: 0.033400 ms MarkObjects: 1.306400 ms  DeleteObjects: 0.010800 ms)

========================================================================
Received Prepare
Registering precompiled user dll's ...
Registered in 0.000563 seconds.
Begin MonoManager ReloadAssembly
Native extension for WindowsStandalone target not found
Native extension for WebGL target not found
Refreshing native plugins compatible for Editor in 0.19 ms, found 0 plugins.
Preloading 0 native plugins for Editor in 0.00 ms.
Mono: successfully reloaded assembly
- Completed reload, in  0.704 seconds
Platform modules already initialized, skipping
Refreshing native plugins compatible for Editor in 0.18 ms, found 0 plugins.
Preloading 0 native plugins for Editor in 0.00 ms.
Unloading 1007 Unused Serialized files (Serialized files now loaded: 0)
System memory in use before: 52.6 MB.
System memory in use after: 52.6 MB.

Unloading 4 unused Assets to reduce memory usage. Loaded Objects now: 1488.
Total: 1.530900 ms (FindLiveObjects: 0.163100 ms CreateObjectMapping: 0.058100 ms MarkObjects: 1.284300 ms  DeleteObjects: 0.024400 ms)

========================================================================
Received Prepare
Registering precompiled user dll's ...
Registered in 0.000535 seconds.
Begin MonoManager ReloadAssembly
Native extension for WindowsStandalone target not found
Native extension for WebGL target not found
Refreshing native plugins compatible for Editor in 0.25 ms, found 0 plugins.
Preloading 0 native plugins for Editor in 0.00 ms.
Mono: successfully reloaded assembly
- Completed reload, in  0.726 seconds
Platform modules already initialized, skipping
Refreshing native plugins compatible for Editor in 0.20 ms, found 0 plugins.
Preloading 0 native plugins for Editor in 0.00 ms.
Unloading 1007 Unused Serialized files (Serialized files now loaded: 0)
System memory in use before: 52.6 MB.
System memory in use after: 52.6 MB.

Unloading 4 unused Assets to reduce memory usage. Loaded Objects now: 1491.
Total: 1.593100 ms (FindLiveObjects: 0.128800 ms CreateObjectMapping: 0.029200 ms MarkObjects: 1.423600 ms  DeleteObjects: 0.010700 ms)

========================================================================
Received Prepare
Registering precompiled user dll's ...
Registered in 0.000745 seconds.
Begin MonoManager ReloadAssembly
Native extension for WindowsStandalone target not found
Native extension for WebGL target not found
Refreshing native plugins compatible for Editor in 0.19 ms, found 0 plugins.
Preloading 0 native plugins for Editor in 0.00 ms.
Mono: successfully reloaded assembly
- Completed reload, in  0.698 seconds
Platform modules already initialized, skipping
Refreshing native plugins compatible for Editor in 0.18 ms, found 0 plugins.
Preloading 0 native plugins for Editor in 0.00 ms.
Unloading 1007 Unused Serialized files (Serialized files now loaded: 0)
System memory in use before: 52.6 MB.
System memory in use after: 52.7 MB.

Unloading 4 unused Assets to reduce memory usage. Loaded Objects now: 1494.
Total: 1.281800 ms (FindLiveObjects: 0.144000 ms CreateObjectMapping: 0.035100 ms MarkObjects: 1.089800 ms  DeleteObjects: 0.011600 ms)

========================================================================
Received Prepare
Registering precompiled user dll's ...
Registered in 0.000501 seconds.
Begin MonoManager ReloadAssembly
Native extension for WindowsStandalone target not found
Native extension for WebGL target not found
Refreshing native plugins compatible for Editor in 0.19 ms, found 0 plugins.
Preloading 0 native plugins for Editor in 0.00 ms.
Mono: successfully reloaded assembly
- Completed reload, in  0.798 seconds
Platform modules already initialized, skipping
Refreshing native plugins compatible for Editor in 0.17 ms, found 0 plugins.
Preloading 0 native plugins for Editor in 0.00 ms.
Unloading 1007 Unused Serialized files (Serialized files now loaded: 0)
System memory in use before: 52.6 MB.
System memory in use after: 52.7 MB.

Unloading 4 unused Assets to reduce memory usage. Loaded Objects now: 1497.
Total: 2.326000 ms (FindLiveObjects: 0.817700 ms CreateObjectMapping: 0.160800 ms MarkObjects: 1.329300 ms  DeleteObjects: 0.013100 ms)

========================================================================
Received Prepare
Registering precompiled user dll's ...
Registered in 0.000730 seconds.
Begin MonoManager ReloadAssembly
Native extension for WindowsStandalone target not found
Native extension for WebGL target not found
Refreshing native plugins compatible for Editor in 0.18 ms, found 0 plugins.
Preloading 0 native plugins for Editor in 0.00 ms.
Mono: successfully reloaded assembly
- Completed reload, in  0.773 seconds
Platform modules already initialized, skipping
Refreshing native plugins compatible for Editor in 0.56 ms, found 0 plugins.
Preloading 0 native plugins for Editor in 0.00 ms.
Unloading 1007 Unused Serialized files (Serialized files now loaded: 0)
System memory in use before: 52.6 MB.
System memory in use after: 52.7 MB.

Unloading 4 unused Assets to reduce memory usage. Loaded Objects now: 1500.
Total: 1.518600 ms (FindLiveObjects: 0.162200 ms CreateObjectMapping: 0.041100 ms MarkObjects: 1.300100 ms  DeleteObjects: 0.014500 ms)

========================================================================
Received Prepare
Registering precompiled user dll's ...
Registered in 0.000536 seconds.
Begin MonoManager ReloadAssembly
Native extension for WindowsStandalone target not found
Native extension for WebGL target not found
Refreshing native plugins compatible for Editor in 0.18 ms, found 0 plugins.
Preloading 0 native plugins for Editor in 0.00 ms.
Mono: successfully reloaded assembly
- Completed reload, in  0.721 seconds
Platform modules already initialized, skipping
Refreshing native plugins compatible for Editor in 0.18 ms, found 0 plugins.
Preloading 0 native plugins for Editor in 0.00 ms.
Unloading 1007 Unused Serialized files (Serialized files now loaded: 0)
System memory in use before: 52.6 MB.
System memory in use after: 52.7 MB.

Unloading 4 unused Assets to reduce memory usage. Loaded Objects now: 1503.
Total: 1.348300 ms (FindLiveObjects: 0.107600 ms CreateObjectMapping: 0.027700 ms MarkObjects: 1.202000 ms  DeleteObjects: 0.010200 ms)

========================================================================
Received Prepare
Registering precompiled user dll's ...
Registered in 0.000853 seconds.
Begin MonoManager ReloadAssembly
Native extension for WindowsStandalone target not found
Native extension for WebGL target not found
Refreshing native plugins compatible for Editor in 0.30 ms, found 0 plugins.
Preloading 0 native plugins for Editor in 0.00 ms.
Mono: successfully reloaded assembly
- Completed reload, in  0.823 seconds
Platform modules already initialized, skipping
Refreshing native plugins compatible for Editor in 0.39 ms, found 0 plugins.
Preloading 0 native plugins for Editor in 0.00 ms.
Unloading 1007 Unused Serialized files (Serialized files now loaded: 0)
System memory in use before: 52.6 MB.
System memory in use after: 52.7 MB.

Unloading 4 unused Assets to reduce memory usage. Loaded Objects now: 1506.
Total: 3.204000 ms (FindLiveObjects: 0.204300 ms CreateObjectMapping: 0.063100 ms MarkObjects: 2.920800 ms  DeleteObjects: 0.014400 ms)

========================================================================
Received Prepare
Registering precompiled user dll's ...
Registered in 0.000616 seconds.
Begin MonoManager ReloadAssembly
Native extension for WindowsStandalone target not found
Native extension for WebGL target not found
Refreshing native plugins compatible for Editor in 0.18 ms, found 0 plugins.
Preloading 0 native plugins for Editor in 0.00 ms.
Mono: successfully reloaded assembly
- Completed reload, in  0.709 seconds
Platform modules already initialized, skipping
Refreshing native plugins compatible for Editor in 0.17 ms, found 0 plugins.
Preloading 0 native plugins for Editor in 0.00 ms.
Unloading 1007 Unused Serialized files (Serialized files now loaded: 0)
System memory in use before: 52.6 MB.
System memory in use after: 52.7 MB.

Unloading 4 unused Assets to reduce memory usage. Loaded Objects now: 1509.
Total: 1.435200 ms (FindLiveObjects: 0.128900 ms CreateObjectMapping: 0.030100 ms MarkObjects: 1.264500 ms  DeleteObjects: 0.010800 ms)

========================================================================
Received Prepare
Registering precompiled user dll's ...
Registered in 0.000519 seconds.
Begin MonoManager ReloadAssembly
Native extension for WindowsStandalone target not found
Native extension for WebGL target not found
Refreshing native plugins compatible for Editor in 0.17 ms, found 0 plugins.
Preloading 0 native plugins for Editor in 0.00 ms.
Mono: successfully reloaded assembly
- Completed reload, in  0.747 seconds
Platform modules already initialized, skipping
Refreshing native plugins compatible for Editor in 0.17 ms, found 0 plugins.
Preloading 0 native plugins for Editor in 0.00 ms.
Unloading 1007 Unused Serialized files (Serialized files now loaded: 0)
System memory in use before: 52.6 MB.
System memory in use after: 52.7 MB.

Unloading 4 unused Assets to reduce memory usage. Loaded Objects now: 1512.
Total: 1.305900 ms (FindLiveObjects: 0.116200 ms CreateObjectMapping: 0.031400 ms MarkObjects: 1.145800 ms  DeleteObjects: 0.011500 ms)

========================================================================
Received Prepare
Registering precompiled user dll's ...
Registered in 0.000817 seconds.
Begin MonoManager ReloadAssembly
Native extension for WindowsStandalone target not found
Native extension for WebGL target not found
Refreshing native plugins compatible for Editor in 0.18 ms, found 0 plugins.
Preloading 0 native plugins for Editor in 0.00 ms.
Mono: successfully reloaded assembly
- Completed reload, in  0.719 seconds
Platform modules already initialized, skipping
Refreshing native plugins compatible for Editor in 0.40 ms, found 0 plugins.
Preloading 0 native plugins for Editor in 0.00 ms.
Unloading 1007 Unused Serialized files (Serialized files now loaded: 0)
System memory in use before: 52.6 MB.
System memory in use after: 52.7 MB.

Unloading 4 unused Assets to reduce memory usage. Loaded Objects now: 1515.
Total: 1.752800 ms (FindLiveObjects: 0.200000 ms CreateObjectMapping: 0.045200 ms MarkObjects: 1.494300 ms  DeleteObjects: 0.011700 ms)

========================================================================
Received Prepare
Registering precompiled user dll's ...
Registered in 0.000590 seconds.
Begin MonoManager ReloadAssembly
Native extension for WindowsStandalone target not found
Native extension for WebGL target not found
Refreshing native plugins compatible for Editor in 0.17 ms, found 0 plugins.
Preloading 0 native plugins for Editor in 0.00 ms.
Mono: successfully reloaded assembly
- Completed reload, in  0.707 seconds
Platform modules already initialized, skipping
Refreshing native plugins compatible for Editor in 0.18 ms, found 0 plugins.
Preloading 0 native plugins for Editor in 0.00 ms.
Unloading 1007 Unused Serialized files (Serialized files now loaded: 0)
System memory in use before: 52.6 MB.
System memory in use after: 52.6 MB.

Unloading 4 unused Assets to reduce memory usage. Loaded Objects now: 1518.
Total: 2.038900 ms (FindLiveObjects: 0.492700 ms CreateObjectMapping: 0.119300 ms MarkObjects: 1.407400 ms  DeleteObjects: 0.016000 ms)

